2024-05-16T10:29:46.531+05:00  INFO 9768 --- [demo] [main] com.example.demo.DemoApplication         : Starting DemoApplication using Java 21.0.1 with PID 9768 (C:\Users\Nikita\Downloads\demo\demo\target\classes started by Nikita in C:\Users\Nikita\Downloads\demo\demo)
2024-05-16T10:29:46.534+05:00  INFO 9768 --- [demo] [main] com.example.demo.DemoApplication         : No active profile set, falling back to 1 default profile: "default"
2024-05-16T10:29:47.545+05:00  INFO 9768 --- [demo] [main] .s.d.r.c.RepositoryConfigurationDelegate : Bootstrapping Spring Data JPA repositories in DEFAULT mode.
2024-05-16T10:29:47.638+05:00  INFO 9768 --- [demo] [main] .s.d.r.c.RepositoryConfigurationDelegate : Finished Spring Data repository scanning in 82 ms. Found 4 JPA repository interfaces.
2024-05-16T10:29:48.438+05:00  INFO 9768 --- [demo] [main] o.s.b.w.embedded.tomcat.TomcatWebServer  : Tomcat initialized with port 8080 (http)
2024-05-16T10:29:48.456+05:00  INFO 9768 --- [demo] [main] o.apache.catalina.core.StandardService   : Starting service [Tomcat]
2024-05-16T10:29:48.457+05:00  INFO 9768 --- [demo] [main] o.apache.catalina.core.StandardEngine    : Starting Servlet engine: [Apache Tomcat/10.1.20]
2024-05-16T10:29:48.580+05:00  INFO 9768 --- [demo] [main] o.a.c.c.C.[Tomcat].[localhost].[/]       : Initializing Spring embedded WebApplicationContext
2024-05-16T10:29:48.581+05:00  INFO 9768 --- [demo] [main] w.s.c.ServletWebServerApplicationContext : Root WebApplicationContext: initialization completed in 1988 ms
2024-05-16T10:29:48.803+05:00  INFO 9768 --- [demo] [main] o.hibernate.jpa.internal.util.LogHelper  : HHH000204: Processing PersistenceUnitInfo [name: default]
2024-05-16T10:29:48.891+05:00  INFO 9768 --- [demo] [main] org.hibernate.Version                    : HHH000412: Hibernate ORM core version 6.4.4.Final
2024-05-16T10:29:48.954+05:00  INFO 9768 --- [demo] [main] o.h.c.internal.RegionFactoryInitiator    : HHH000026: Second-level cache disabled
2024-05-16T10:29:49.314+05:00  INFO 9768 --- [demo] [main] o.s.o.j.p.SpringPersistenceUnitInfo      : No LoadTimeWeaver setup: ignoring JPA class transformer
2024-05-16T10:29:49.358+05:00  INFO 9768 --- [demo] [main] com.zaxxer.hikari.HikariDataSource       : HikariPool-1 - Starting...
2024-05-16T10:29:49.617+05:00  INFO 9768 --- [demo] [main] com.zaxxer.hikari.pool.HikariPool        : HikariPool-1 - Added connection org.postgresql.jdbc.PgConnection@67afe909
2024-05-16T10:29:49.619+05:00  INFO 9768 --- [demo] [main] com.zaxxer.hikari.HikariDataSource       : HikariPool-1 - Start completed.
2024-05-16T10:29:49.673+05:00  WARN 9768 --- [demo] [main] org.hibernate.orm.deprecation            : HHH90000025: PostgreSQLDialect does not need to be specified explicitly using 'hibernate.dialect' (remove the property setting and it will be selected by default)
2024-05-16T10:29:51.292+05:00  INFO 9768 --- [demo] [main] o.h.e.t.j.p.i.JtaPlatformInitiator       : HHH000489: No JTA platform available (set 'hibernate.transaction.jta.platform' to enable JTA platform integration)
2024-05-16T10:29:51.513+05:00  INFO 9768 --- [demo] [main] j.LocalContainerEntityManagerFactoryBean : Initialized JPA EntityManagerFactory for persistence unit 'default'
2024-05-16T10:29:52.135+05:00  WARN 9768 --- [demo] [main] JpaBaseConfiguration$JpaWebConfiguration : spring.jpa.open-in-view is enabled by default. Therefore, database queries may be performed during view rendering. Explicitly configure spring.jpa.open-in-view to disable this warning
2024-05-16T10:29:52.270+05:00  INFO 9768 --- [demo] [main] o.s.b.a.w.s.WelcomePageHandlerMapping    : Adding welcome page template: index
2024-05-16T10:29:52.541+05:00  INFO 9768 --- [demo] [main] o.s.s.web.DefaultSecurityFilterChain     : Will secure any request with [org.springframework.security.web.session.DisableEncodeUrlFilter@4b9dd787, org.springframework.security.web.context.request.async.WebAsyncManagerIntegrationFilter@3545c913, org.springframework.security.web.context.SecurityContextHolderFilter@6db2a260, org.springframework.security.web.header.HeaderWriterFilter@738153d8, org.springframework.web.filter.CorsFilter@5d00e30e, org.springframework.security.web.csrf.CsrfFilter@6f70015, org.springframework.security.web.authentication.logout.LogoutFilter@2e8eafb2, org.springframework.security.web.authentication.UsernamePasswordAuthenticationFilter@69a031a4, org.springframework.security.web.savedrequest.RequestCacheAwareFilter@1df8e685, org.springframework.security.web.servletapi.SecurityContextHolderAwareRequestFilter@78723798, org.springframework.security.web.authentication.AnonymousAuthenticationFilter@3cdc5155, org.springframework.security.web.access.ExceptionTranslationFilter@47f4dc8d, org.springframework.security.web.access.intercept.AuthorizationFilter@3a2881d6]
2024-05-16T10:29:52.909+05:00  INFO 9768 --- [demo] [main] o.s.b.w.embedded.tomcat.TomcatWebServer  : Tomcat started on port 8080 (http) with context path ''
2024-05-16T10:29:52.921+05:00  INFO 9768 --- [demo] [main] com.example.demo.DemoApplication         : Started DemoApplication in 7.01 seconds (process running for 8.08)
2024-05-16T10:29:56.648+05:00  INFO 9768 --- [demo] [SpringApplicationShutdownHook] j.LocalContainerEntityManagerFactoryBean : Closing JPA EntityManagerFactory for persistence unit 'default'
2024-05-16T10:29:56.651+05:00  INFO 9768 --- [demo] [SpringApplicationShutdownHook] com.zaxxer.hikari.HikariDataSource       : HikariPool-1 - Shutdown initiated...
2024-05-16T10:29:56.658+05:00  INFO 9768 --- [demo] [SpringApplicationShutdownHook] com.zaxxer.hikari.HikariDataSource       : HikariPool-1 - Shutdown completed.
2024-05-16T10:30:05.083+05:00  INFO 21528 --- [demo] [main] com.example.demo.DemoApplication         : Starting DemoApplication using Java 21.0.1 with PID 21528 (C:\Users\Nikita\Downloads\demo\demo\target\classes started by Nikita in C:\Users\Nikita\Downloads\demo\demo)
2024-05-16T10:30:05.087+05:00  INFO 21528 --- [demo] [main] com.example.demo.DemoApplication         : No active profile set, falling back to 1 default profile: "default"
2024-05-16T10:30:06.281+05:00  INFO 21528 --- [demo] [main] .s.d.r.c.RepositoryConfigurationDelegate : Bootstrapping Spring Data JPA repositories in DEFAULT mode.
2024-05-16T10:30:06.389+05:00  INFO 21528 --- [demo] [main] .s.d.r.c.RepositoryConfigurationDelegate : Finished Spring Data repository scanning in 92 ms. Found 4 JPA repository interfaces.
2024-05-16T10:30:07.298+05:00  INFO 21528 --- [demo] [main] o.s.b.w.embedded.tomcat.TomcatWebServer  : Tomcat initialized with port 8080 (http)
2024-05-16T10:30:07.317+05:00  INFO 21528 --- [demo] [main] o.apache.catalina.core.StandardService   : Starting service [Tomcat]
2024-05-16T10:30:07.318+05:00  INFO 21528 --- [demo] [main] o.apache.catalina.core.StandardEngine    : Starting Servlet engine: [Apache Tomcat/10.1.20]
2024-05-16T10:30:07.444+05:00  INFO 21528 --- [demo] [main] o.a.c.c.C.[Tomcat].[localhost].[/]       : Initializing Spring embedded WebApplicationContext
2024-05-16T10:30:07.445+05:00  INFO 21528 --- [demo] [main] w.s.c.ServletWebServerApplicationContext : Root WebApplicationContext: initialization completed in 2275 ms
2024-05-16T10:30:07.692+05:00  INFO 21528 --- [demo] [main] o.hibernate.jpa.internal.util.LogHelper  : HHH000204: Processing PersistenceUnitInfo [name: default]
2024-05-16T10:30:07.789+05:00  INFO 21528 --- [demo] [main] org.hibernate.Version                    : HHH000412: Hibernate ORM core version 6.4.4.Final
2024-05-16T10:30:07.846+05:00  INFO 21528 --- [demo] [main] o.h.c.internal.RegionFactoryInitiator    : HHH000026: Second-level cache disabled
2024-05-16T10:30:08.281+05:00  INFO 21528 --- [demo] [main] o.s.o.j.p.SpringPersistenceUnitInfo      : No LoadTimeWeaver setup: ignoring JPA class transformer
2024-05-16T10:30:08.328+05:00  INFO 21528 --- [demo] [main] com.zaxxer.hikari.HikariDataSource       : HikariPool-1 - Starting...
2024-05-16T10:30:08.613+05:00  INFO 21528 --- [demo] [main] com.zaxxer.hikari.pool.HikariPool        : HikariPool-1 - Added connection org.postgresql.jdbc.PgConnection@29d2fa84
2024-05-16T10:30:08.615+05:00  INFO 21528 --- [demo] [main] com.zaxxer.hikari.HikariDataSource       : HikariPool-1 - Start completed.
2024-05-16T10:30:08.671+05:00  WARN 21528 --- [demo] [main] org.hibernate.orm.deprecation            : HHH90000025: PostgreSQLDialect does not need to be specified explicitly using 'hibernate.dialect' (remove the property setting and it will be selected by default)
2024-05-16T10:30:10.572+05:00  INFO 21528 --- [demo] [main] o.h.e.t.j.p.i.JtaPlatformInitiator       : HHH000489: No JTA platform available (set 'hibernate.transaction.jta.platform' to enable JTA platform integration)
2024-05-16T10:30:18.628+05:00  INFO 21528 --- [demo] [main] j.LocalContainerEntityManagerFactoryBean : Initialized JPA EntityManagerFactory for persistence unit 'default'
2024-05-16T10:30:42.017+05:00  WARN 21528 --- [demo] [main] JpaBaseConfiguration$JpaWebConfiguration : spring.jpa.open-in-view is enabled by default. Therefore, database queries may be performed during view rendering. Explicitly configure spring.jpa.open-in-view to disable this warning
2024-05-16T10:30:42.155+05:00  INFO 21528 --- [demo] [main] o.s.b.a.w.s.WelcomePageHandlerMapping    : Adding welcome page template: index
2024-05-16T10:30:42.418+05:00  INFO 21528 --- [demo] [main] o.s.s.web.DefaultSecurityFilterChain     : Will secure any request with [org.springframework.security.web.session.DisableEncodeUrlFilter@1415f18d, org.springframework.security.web.context.request.async.WebAsyncManagerIntegrationFilter@61c42e54, org.springframework.security.web.context.SecurityContextHolderFilter@1bd53c5c, org.springframework.security.web.header.HeaderWriterFilter@2040732f, org.springframework.web.filter.CorsFilter@533690d, org.springframework.security.web.csrf.CsrfFilter@162a5c4c, org.springframework.security.web.authentication.logout.LogoutFilter@65029fc, org.springframework.security.web.authentication.UsernamePasswordAuthenticationFilter@74120029, org.springframework.security.web.savedrequest.RequestCacheAwareFilter@72e9f0f7, org.springframework.security.web.servletapi.SecurityContextHolderAwareRequestFilter@2fb24ad8, org.springframework.security.web.authentication.AnonymousAuthenticationFilter@3bf306d3, org.springframework.security.web.access.ExceptionTranslationFilter@6195ce27, org.springframework.security.web.access.intercept.AuthorizationFilter@1a6df932]
2024-05-16T10:30:42.823+05:00  INFO 21528 --- [demo] [main] o.s.b.w.embedded.tomcat.TomcatWebServer  : Tomcat started on port 8080 (http) with context path ''
2024-05-16T10:30:42.836+05:00  INFO 21528 --- [demo] [main] com.example.demo.DemoApplication         : Started DemoApplication in 40.607 seconds (process running for 44.753)
2024-05-16T10:30:49.247+05:00  INFO 21528 --- [demo] [http-nio-8080-exec-1] o.a.c.c.C.[Tomcat].[localhost].[/]       : Initializing Spring DispatcherServlet 'dispatcherServlet'
2024-05-16T10:30:49.247+05:00  INFO 21528 --- [demo] [http-nio-8080-exec-1] o.s.web.servlet.DispatcherServlet        : Initializing Servlet 'dispatcherServlet'
2024-05-16T10:30:49.249+05:00  INFO 21528 --- [demo] [http-nio-8080-exec-1] o.s.web.servlet.DispatcherServlet        : Completed initialization in 2 ms
2024-05-16T10:32:11.645+05:00  INFO 21528 --- [demo] [http-nio-8080-exec-9] com.example.demo.service.AdService       : User: Никита Сивонин; Action: Your bid has been outbid by Никита Сивонин
2024-05-16T10:32:22.536+05:00  INFO 21528 --- [demo] [http-nio-8080-exec-9] com.example.demo.service.AdService       : User: Nastya Nastasieva; Action: A new bid has been placed on your ad.
2024-05-16T10:33:05.848+05:00  WARN 21528 --- [demo] [HikariPool-1 housekeeper] com.zaxxer.hikari.pool.HikariPool        : HikariPool-1 - Thread starvation or clock leap detected (housekeeper delta=55s13ms249µs700ns).
2024-05-16T10:33:53.210+05:00  WARN 21528 --- [demo] [HikariPool-1 housekeeper] com.zaxxer.hikari.pool.HikariPool        : HikariPool-1 - Thread starvation or clock leap detected (housekeeper delta=47s361ms470µs800ns).
2024-05-16T10:36:21.732+05:00  INFO 21528 --- [demo] [Timer-0] com.example.demo.service.AdService       : User: Nastya Nastasieva; Action: Your ad was bought for price equal: $30.0
2024-05-16T10:39:15.536+05:00  INFO 21528 --- [demo] [SpringApplicationShutdownHook] j.LocalContainerEntityManagerFactoryBean : Closing JPA EntityManagerFactory for persistence unit 'default'
2024-05-16T10:39:15.541+05:00  INFO 21528 --- [demo] [SpringApplicationShutdownHook] com.zaxxer.hikari.HikariDataSource       : HikariPool-1 - Shutdown initiated...
2024-05-16T10:39:15.552+05:00  INFO 21528 --- [demo] [SpringApplicationShutdownHook] com.zaxxer.hikari.HikariDataSource       : HikariPool-1 - Shutdown completed.
2024-05-16T10:47:18.037+05:00  INFO 5504 --- [demo] [main] com.example.demo.DemoApplication         : Starting DemoApplication using Java 21.0.1 with PID 5504 (C:\Users\Nikita\Downloads\demo\demo\target\classes started by Nikita in C:\Users\Nikita\Downloads\demo\demo)
2024-05-16T10:47:18.040+05:00  INFO 5504 --- [demo] [main] com.example.demo.DemoApplication         : No active profile set, falling back to 1 default profile: "default"
2024-05-16T10:47:19.078+05:00  INFO 5504 --- [demo] [main] .s.d.r.c.RepositoryConfigurationDelegate : Bootstrapping Spring Data JPA repositories in DEFAULT mode.
2024-05-16T10:47:19.180+05:00  INFO 5504 --- [demo] [main] .s.d.r.c.RepositoryConfigurationDelegate : Finished Spring Data repository scanning in 91 ms. Found 4 JPA repository interfaces.
2024-05-16T10:47:19.996+05:00  INFO 5504 --- [demo] [main] o.s.b.w.embedded.tomcat.TomcatWebServer  : Tomcat initialized with port 8080 (http)
2024-05-16T10:47:20.014+05:00  INFO 5504 --- [demo] [main] o.apache.catalina.core.StandardService   : Starting service [Tomcat]
2024-05-16T10:47:20.014+05:00  INFO 5504 --- [demo] [main] o.apache.catalina.core.StandardEngine    : Starting Servlet engine: [Apache Tomcat/10.1.20]
2024-05-16T10:47:20.139+05:00  INFO 5504 --- [demo] [main] o.a.c.c.C.[Tomcat].[localhost].[/]       : Initializing Spring embedded WebApplicationContext
2024-05-16T10:47:20.140+05:00  INFO 5504 --- [demo] [main] w.s.c.ServletWebServerApplicationContext : Root WebApplicationContext: initialization completed in 2036 ms
2024-05-16T10:47:20.379+05:00  INFO 5504 --- [demo] [main] o.hibernate.jpa.internal.util.LogHelper  : HHH000204: Processing PersistenceUnitInfo [name: default]
2024-05-16T10:47:20.465+05:00  INFO 5504 --- [demo] [main] org.hibernate.Version                    : HHH000412: Hibernate ORM core version 6.4.4.Final
2024-05-16T10:47:20.530+05:00  INFO 5504 --- [demo] [main] o.h.c.internal.RegionFactoryInitiator    : HHH000026: Second-level cache disabled
2024-05-16T10:47:20.902+05:00  INFO 5504 --- [demo] [main] o.s.o.j.p.SpringPersistenceUnitInfo      : No LoadTimeWeaver setup: ignoring JPA class transformer
2024-05-16T10:47:20.943+05:00  INFO 5504 --- [demo] [main] com.zaxxer.hikari.HikariDataSource       : HikariPool-1 - Starting...
2024-05-16T10:47:21.241+05:00  INFO 5504 --- [demo] [main] com.zaxxer.hikari.pool.HikariPool        : HikariPool-1 - Added connection org.postgresql.jdbc.PgConnection@793cef95
2024-05-16T10:47:21.244+05:00  INFO 5504 --- [demo] [main] com.zaxxer.hikari.HikariDataSource       : HikariPool-1 - Start completed.
2024-05-16T10:47:21.302+05:00  WARN 5504 --- [demo] [main] org.hibernate.orm.deprecation            : HHH90000025: PostgreSQLDialect does not need to be specified explicitly using 'hibernate.dialect' (remove the property setting and it will be selected by default)
2024-05-16T10:47:22.927+05:00  INFO 5504 --- [demo] [main] o.h.e.t.j.p.i.JtaPlatformInitiator       : HHH000489: No JTA platform available (set 'hibernate.transaction.jta.platform' to enable JTA platform integration)
2024-05-16T10:47:23.130+05:00  INFO 5504 --- [demo] [main] j.LocalContainerEntityManagerFactoryBean : Initialized JPA EntityManagerFactory for persistence unit 'default'
2024-05-16T10:47:23.757+05:00  WARN 5504 --- [demo] [main] JpaBaseConfiguration$JpaWebConfiguration : spring.jpa.open-in-view is enabled by default. Therefore, database queries may be performed during view rendering. Explicitly configure spring.jpa.open-in-view to disable this warning
2024-05-16T10:47:23.891+05:00  INFO 5504 --- [demo] [main] o.s.b.a.w.s.WelcomePageHandlerMapping    : Adding welcome page template: index
2024-05-16T10:47:24.176+05:00  INFO 5504 --- [demo] [main] o.s.s.web.DefaultSecurityFilterChain     : Will secure any request with [org.springframework.security.web.session.DisableEncodeUrlFilter@238d27ef, org.springframework.security.web.context.request.async.WebAsyncManagerIntegrationFilter@91c11b6, org.springframework.security.web.context.SecurityContextHolderFilter@48614fb3, org.springframework.security.web.header.HeaderWriterFilter@1b0fc8b, org.springframework.web.filter.CorsFilter@3ec6f3f1, org.springframework.security.web.csrf.CsrfFilter@2b6a4da7, org.springframework.security.web.authentication.logout.LogoutFilter@2bf2523f, org.springframework.security.web.authentication.UsernamePasswordAuthenticationFilter@419ece7a, org.springframework.security.web.savedrequest.RequestCacheAwareFilter@1d01fa0c, org.springframework.security.web.servletapi.SecurityContextHolderAwareRequestFilter@44bd7f24, org.springframework.security.web.authentication.AnonymousAuthenticationFilter@1dfd6023, org.springframework.security.web.access.ExceptionTranslationFilter@75c30a4f, org.springframework.security.web.access.intercept.AuthorizationFilter@1a3611b1]
2024-05-16T10:47:24.565+05:00  INFO 5504 --- [demo] [main] o.s.b.w.embedded.tomcat.TomcatWebServer  : Tomcat started on port 8080 (http) with context path ''
2024-05-16T10:47:24.577+05:00  INFO 5504 --- [demo] [main] com.example.demo.DemoApplication         : Started DemoApplication in 7.225 seconds (process running for 8.223)
2024-05-16T10:47:31.394+05:00  INFO 5504 --- [demo] [http-nio-8080-exec-1] o.a.c.c.C.[Tomcat].[localhost].[/]       : Initializing Spring DispatcherServlet 'dispatcherServlet'
2024-05-16T10:47:31.394+05:00  INFO 5504 --- [demo] [http-nio-8080-exec-1] o.s.web.servlet.DispatcherServlet        : Initializing Servlet 'dispatcherServlet'
2024-05-16T10:47:31.396+05:00  INFO 5504 --- [demo] [http-nio-8080-exec-1] o.s.web.servlet.DispatcherServlet        : Completed initialization in 2 ms
2024-05-16T10:48:23.058+05:00  INFO 5504 --- [demo] [http-nio-8080-exec-7] com.example.demo.service.AdService       : User: Никита Сивонин; Action: Your bid has been outbid by Никита Сивонин
2024-05-16T10:48:23.058+05:00  INFO 5504 --- [demo] [http-nio-8080-exec-7] com.example.demo.service.AdService       : User: Nastya Nastasieva; Action: A new bid has been placed on your ad.
2024-05-16T10:51:23.069+05:00  INFO 5504 --- [demo] [Timer-0] com.example.demo.service.AdService       : User: Nastya Nastasieva; Action: Your ad was bought for price equal: $31.0
2024-05-16T10:53:11.951+05:00  INFO 5504 --- [demo] [SpringApplicationShutdownHook] j.LocalContainerEntityManagerFactoryBean : Closing JPA EntityManagerFactory for persistence unit 'default'
2024-05-16T10:53:11.955+05:00  INFO 5504 --- [demo] [SpringApplicationShutdownHook] com.zaxxer.hikari.HikariDataSource       : HikariPool-1 - Shutdown initiated...
2024-05-16T10:53:11.965+05:00  INFO 5504 --- [demo] [SpringApplicationShutdownHook] com.zaxxer.hikari.HikariDataSource       : HikariPool-1 - Shutdown completed.
2024-05-16T10:53:18.360+05:00  INFO 19564 --- [demo] [main] com.example.demo.DemoApplication         : Starting DemoApplication using Java 21.0.1 with PID 19564 (C:\Users\Nikita\Downloads\demo\demo\target\classes started by Nikita in C:\Users\Nikita\Downloads\demo\demo)
2024-05-16T10:53:18.363+05:00  INFO 19564 --- [demo] [main] com.example.demo.DemoApplication         : No active profile set, falling back to 1 default profile: "default"
2024-05-16T10:53:19.329+05:00  INFO 19564 --- [demo] [main] .s.d.r.c.RepositoryConfigurationDelegate : Bootstrapping Spring Data JPA repositories in DEFAULT mode.
2024-05-16T10:53:19.416+05:00  INFO 19564 --- [demo] [main] .s.d.r.c.RepositoryConfigurationDelegate : Finished Spring Data repository scanning in 77 ms. Found 4 JPA repository interfaces.
2024-05-16T10:53:20.212+05:00  INFO 19564 --- [demo] [main] o.s.b.w.embedded.tomcat.TomcatWebServer  : Tomcat initialized with port 8080 (http)
2024-05-16T10:53:20.230+05:00  INFO 19564 --- [demo] [main] o.apache.catalina.core.StandardService   : Starting service [Tomcat]
2024-05-16T10:53:20.230+05:00  INFO 19564 --- [demo] [main] o.apache.catalina.core.StandardEngine    : Starting Servlet engine: [Apache Tomcat/10.1.20]
2024-05-16T10:53:20.341+05:00  INFO 19564 --- [demo] [main] o.a.c.c.C.[Tomcat].[localhost].[/]       : Initializing Spring embedded WebApplicationContext
2024-05-16T10:53:20.342+05:00  INFO 19564 --- [demo] [main] w.s.c.ServletWebServerApplicationContext : Root WebApplicationContext: initialization completed in 1923 ms
2024-05-16T10:53:20.576+05:00  INFO 19564 --- [demo] [main] o.hibernate.jpa.internal.util.LogHelper  : HHH000204: Processing PersistenceUnitInfo [name: default]
2024-05-16T10:53:20.660+05:00  INFO 19564 --- [demo] [main] org.hibernate.Version                    : HHH000412: Hibernate ORM core version 6.4.4.Final
2024-05-16T10:53:20.719+05:00  INFO 19564 --- [demo] [main] o.h.c.internal.RegionFactoryInitiator    : HHH000026: Second-level cache disabled
2024-05-16T10:53:21.086+05:00  INFO 19564 --- [demo] [main] o.s.o.j.p.SpringPersistenceUnitInfo      : No LoadTimeWeaver setup: ignoring JPA class transformer
2024-05-16T10:53:21.130+05:00  INFO 19564 --- [demo] [main] com.zaxxer.hikari.HikariDataSource       : HikariPool-1 - Starting...
2024-05-16T10:53:21.390+05:00  INFO 19564 --- [demo] [main] com.zaxxer.hikari.pool.HikariPool        : HikariPool-1 - Added connection org.postgresql.jdbc.PgConnection@4243341e
2024-05-16T10:53:21.393+05:00  INFO 19564 --- [demo] [main] com.zaxxer.hikari.HikariDataSource       : HikariPool-1 - Start completed.
2024-05-16T10:53:21.450+05:00  WARN 19564 --- [demo] [main] org.hibernate.orm.deprecation            : HHH90000025: PostgreSQLDialect does not need to be specified explicitly using 'hibernate.dialect' (remove the property setting and it will be selected by default)
2024-05-16T10:53:23.040+05:00  INFO 19564 --- [demo] [main] o.h.e.t.j.p.i.JtaPlatformInitiator       : HHH000489: No JTA platform available (set 'hibernate.transaction.jta.platform' to enable JTA platform integration)
2024-05-16T10:53:23.235+05:00  INFO 19564 --- [demo] [main] j.LocalContainerEntityManagerFactoryBean : Initialized JPA EntityManagerFactory for persistence unit 'default'
2024-05-16T10:53:23.803+05:00  WARN 19564 --- [demo] [main] JpaBaseConfiguration$JpaWebConfiguration : spring.jpa.open-in-view is enabled by default. Therefore, database queries may be performed during view rendering. Explicitly configure spring.jpa.open-in-view to disable this warning
2024-05-16T10:53:23.927+05:00  INFO 19564 --- [demo] [main] o.s.b.a.w.s.WelcomePageHandlerMapping    : Adding welcome page template: index
2024-05-16T10:53:24.189+05:00  INFO 19564 --- [demo] [main] o.s.s.web.DefaultSecurityFilterChain     : Will secure any request with [org.springframework.security.web.session.DisableEncodeUrlFilter@419ece7a, org.springframework.security.web.context.request.async.WebAsyncManagerIntegrationFilter@427c2c96, org.springframework.security.web.context.SecurityContextHolderFilter@61c644fe, org.springframework.security.web.header.HeaderWriterFilter@75c30a4f, org.springframework.web.filter.CorsFilter@238d27ef, org.springframework.security.web.csrf.CsrfFilter@85b9f9c, org.springframework.security.web.authentication.logout.LogoutFilter@3514df8d, org.springframework.security.web.authentication.UsernamePasswordAuthenticationFilter@8cd2bb5, org.springframework.security.web.savedrequest.RequestCacheAwareFilter@48614fb3, org.springframework.security.web.servletapi.SecurityContextHolderAwareRequestFilter@4eb3b690, org.springframework.security.web.authentication.AnonymousAuthenticationFilter@91c11b6, org.springframework.security.web.access.ExceptionTranslationFilter@d8751de, org.springframework.security.web.access.intercept.AuthorizationFilter@7a3f3bc4]
2024-05-16T10:53:24.553+05:00  INFO 19564 --- [demo] [main] o.s.b.w.embedded.tomcat.TomcatWebServer  : Tomcat started on port 8080 (http) with context path ''
2024-05-16T10:53:24.565+05:00  INFO 19564 --- [demo] [main] com.example.demo.DemoApplication         : Started DemoApplication in 6.819 seconds (process running for 7.756)
2024-05-16T10:53:29.614+05:00  INFO 19564 --- [demo] [http-nio-8080-exec-1] o.a.c.c.C.[Tomcat].[localhost].[/]       : Initializing Spring DispatcherServlet 'dispatcherServlet'
2024-05-16T10:53:29.614+05:00  INFO 19564 --- [demo] [http-nio-8080-exec-1] o.s.web.servlet.DispatcherServlet        : Initializing Servlet 'dispatcherServlet'
2024-05-16T10:53:29.616+05:00  INFO 19564 --- [demo] [http-nio-8080-exec-1] o.s.web.servlet.DispatcherServlet        : Completed initialization in 1 ms
2024-05-16T10:55:19.177+05:00  INFO 19564 --- [demo] [http-nio-8080-exec-10] com.example.demo.service.AdService       : User: Никита Сивонин; Action: A new bid has been placed on your ad.
2024-05-16T10:56:38.392+05:00  INFO 19564 --- [demo] [http-nio-8080-exec-5] com.example.demo.service.AdService       : User: Nastya Nastasieva; Action: Your bid has been outbid by Анатолий Анатольев
2024-05-16T10:56:38.393+05:00  INFO 19564 --- [demo] [http-nio-8080-exec-5] com.example.demo.service.AdService       : User: Никита Сивонин; Action: A new bid has been placed on your ad.
2024-05-16T10:58:19.188+05:00  INFO 19564 --- [demo] [Timer-0] com.example.demo.service.AdService       : User: Никита Сивонин; Action: Your ad was bought for price equal: $40.0
2024-05-16T11:01:39.388+05:00  INFO 19564 --- [demo] [SpringApplicationShutdownHook] j.LocalContainerEntityManagerFactoryBean : Closing JPA EntityManagerFactory for persistence unit 'default'
2024-05-16T11:01:39.391+05:00  INFO 19564 --- [demo] [SpringApplicationShutdownHook] com.zaxxer.hikari.HikariDataSource       : HikariPool-1 - Shutdown initiated...
2024-05-16T11:01:39.401+05:00  INFO 19564 --- [demo] [SpringApplicationShutdownHook] com.zaxxer.hikari.HikariDataSource       : HikariPool-1 - Shutdown completed.
